<?xml version="1.0" encoding="UTF-8"?>
<!-- Generated by org.testng.reporters.JUnitReportReporter -->
<testsuite hostname="LAPTOP-6JLE5TPP" failures="0" tests="1" name="BaseConfigurations.TestNg" time="0.007" errors="0" timestamp="2023-06-09T15:00:57 IST" skipped="0">
  <testcase classname="BaseConfigurations.TestNg" name="scene" time="0.007"/>
  <system-out/>
</testsuite> <!-- BaseConfigurations.TestNg -->
