<?xml version="1.0" encoding="UTF-8"?>
<!-- Generated by org.testng.reporters.JUnitReportReporter -->
<testsuite hostname="LAPTOP-6JLE5TPP" failures="0" tests="2" name="TestCase_Project.FlipkartTestCase" time="34.286" errors="0" timestamp="2023-06-09T21:53:39 IST" skipped="0">
  <testcase classname="TestCase_Project.FlipkartTestCase" name="scenarioDemo" time="17.213"/>
  <system-out/>
  <testcase classname="TestCase_Project.FlipkartTestCase" name="scenarioDemo" time="17.073"/>
  <system-out/>
</testsuite> <!-- TestCase_Project.FlipkartTestCase -->
